Release 13.1 - xst O.40d (nt)
Copyright (c) 1995-2011 Xilinx, Inc.  All rights reserved.
--> Parameter TMPDIR set to xst/projnav.tmp


Total REAL time to Xst completion: 2.00 secs
Total CPU time to Xst completion: 1.79 secs
 
--> Parameter xsthdpdir set to xst


Total REAL time to Xst completion: 2.00 secs
Total CPU time to Xst completion: 1.82 secs
 
--> Reading design: SR_FF.prj

TABLE OF CONTENTS
  1) Synthesis Options Summary
  2) HDL Compilation
  3) Design Hierarchy Analysis
  4) HDL Analysis
  5) HDL Synthesis
     5.1) HDL Synthesis Report
  6) Advanced HDL Synthesis
     6.1) Advanced HDL Synthesis Report
  7) Low Level Synthesis
  8) Partition Report
  9) Final Report
	9.1) Device utilization summary
	9.2) Partition Resource Summary
	9.3) TIMING REPORT


=========================================================================
*                      Synthesis Options Summary                        *
=========================================================================
---- Source Parameters
Input File Name                    : "SR_FF.prj"
Input Format                       : mixed
Ignore Synthesis Constraint File   : NO

---- Target Parameters
Output File Name                   : "SR_FF"
Output Format                      : NGC
Target Device                      : xa3s200-4-ftg256

---- Source Options
Top Module Name                    : SR_FF
Automatic FSM Extraction           : YES
FSM Encoding Algorithm             : Auto
Safe Implementation                : No
FSM Style                          : LUT
RAM Extraction                     : Yes
RAM Style                          : Auto
ROM Extraction                     : Yes
Mux Style                          : Auto
Decoder Extraction                 : YES
Priority Encoder Extraction        : Yes
Shift Register Extraction          : YES
Logical Shifter Extraction         : YES
XOR Collapsing                     : YES
ROM Style                          : Auto
Mux Extraction                     : Yes
Resource Sharing                   : YES
Asynchronous To Synchronous        : NO
Multiplier Style                   : Auto
Automatic Register Balancing       : No

---- Target Options
Add IO Buffers                     : YES
Global Maximum Fanout              : 500
Add Generic Clock Buffer(BUFG)     : 8
Register Duplication               : YES
Slice Packing                      : YES
Optimize Instantiated Primitives   : NO
Use Clock Enable                   : Yes
Use Synchronous Set                : Yes
Use Synchronous Reset              : Yes
Pack IO Registers into IOBs        : Auto
Equivalent register Removal        : YES

---- General Options
Optimization Goal                  : Speed
Optimization Effort                : 1
Keep Hierarchy                     : No
Netlist Hierarchy                  : As_Optimized
RTL Output                         : Yes
Global Optimization                : AllClockNets
Read Cores                         : YES
Write Timing Constraints           : NO
Cross Clock Analysis               : NO
Hierarchy Separator                : /
Bus Delimiter                      : <>
Case Specifier                     : Maintain
Slice Utilization Ratio            : 100
BRAM Utilization Ratio             : 100
Verilog 2001                       : YES
Auto BRAM Packing                  : NO
Slice Utilization Ratio Delta      : 5

=========================================================================


=========================================================================
*                          HDL Compilation                              *
=========================================================================
Compiling vhdl file "D:/Rangkaian Logika 2/Project Jembatan Angkat/srflipflop/flipflop.vhd" in Library work.
Entity <SR_FF> compiled.
Entity <SR_FF> (Architecture <behavioral>) compiled.

=========================================================================
*                     Design Hierarchy Analysis                         *
=========================================================================
Analyzing hierarchy for entity <SR_FF> in library <work> (architecture <behavioral>).


=========================================================================
*                            HDL Analysis                               *
=========================================================================
Analyzing Entity <SR_FF> in library <work> (Architecture <behavioral>).
Entity <SR_FF> analyzed. Unit <SR_FF> generated.


=========================================================================
*                           HDL Synthesis                               *
=========================================================================

Performing bidirectional port resolution...

Synthesizing Unit <SR_FF>.
    Related source file is "D:/Rangkaian Logika 2/Project Jembatan Angkat/srflipflop/flipflop.vhd".
    Found 1-bit tristate buffer for signal <Q>.
    Found 1-bit tristate buffer for signal <QBAR>.
    Found 1-bit register for signal <Mtridata_Q> created at line 18.
    Found 1-bit register for signal <Mtridata_QBAR> created at line 19.
    Found 1-bit register for signal <Mtrien_Q> created at line 18.
    Found 1-bit register for signal <Mtrien_QBAR> created at line 19.
    Summary:
	inferred   4 D-type flip-flop(s).
	inferred   2 Tristate(s).
Unit <SR_FF> synthesized.


=========================================================================
HDL Synthesis Report

Macro Statistics
# Registers                                            : 4
 1-bit register                                        : 4
# Tristates                                            : 2
 1-bit tristate buffer                                 : 2

=========================================================================

=========================================================================
*                       Advanced HDL Synthesis                          *
=========================================================================

WARNING:Xst:1710 - FF/Latch <Mtridata_QBAR> (without init value) has a constant value of 0 in block <SR_FF>. This FF/Latch will be trimmed during the optimization process.
WARNING:Xst:1895 - Due to other FF/Latch trimming, FF/Latch <Mtridata_Q> (without init value) has a constant value of 0 in block <SR_FF>. This FF/Latch will be trimmed during the optimization process.
WARNING:Xst:638 - in unit SR_FF Conflict on KEEP property on signal Mtridata_QBAR and Mtridata_Q Mtridata_Q signal will be lost.

=========================================================================
Advanced HDL Synthesis Report

Macro Statistics
# Registers                                            : 4
 Flip-Flops                                            : 4

=========================================================================

=========================================================================
*                         Low Level Synthesis                           *
=========================================================================
WARNING:Xst:1710 - FF/Latch <Mtridata_QBAR> (without init value) has a constant value of 0 in block <SR_FF>. This FF/Latch will be trimmed during the optimization process.
WARNING:Xst:1895 - Due to other FF/Latch trimming, FF/Latch <Mtridata_Q> (without init value) has a constant value of 0 in block <SR_FF>. This FF/Latch will be trimmed during the optimization process.
WARNING:Xst:638 - in unit SR_FF Conflict on KEEP property on signal Mtridata_QBAR and Mtridata_Q Mtridata_Q signal will be lost.

Optimizing unit <SR_FF> ...

Mapping all equations...
Building and optimizing final netlist ...
Found area constraint ratio of 100 (+ 5) on block SR_FF, actual ratio is 0.

Final Macro Processing ...

=========================================================================
Final Register Report

Macro Statistics
# Registers                                            : 2
 Flip-Flops                                            : 2

=========================================================================

=========================================================================
*                           Partition Report                            *
=========================================================================

Partition Implementation Status
-------------------------------

  No Partitions were found in this design.

-------------------------------

=========================================================================
*                            Final Report                               *
=========================================================================
Final Results
RTL Top Level Output File Name     : SR_FF.ngr
Top Level Output File Name         : SR_FF
Output Format                      : NGC
Optimization Goal                  : Speed
Keep Hierarchy                     : No

Design Statistics
# IOs                              : 5

Cell Usage :
# BELS                             : 3
#      GND                         : 1
#      LUT2                        : 1
#      VCC                         : 1
# FlipFlops/Latches                : 2
#      FDE                         : 2
# Clock Buffers                    : 1
#      BUFGP                       : 1
# IO Buffers                       : 4
#      IBUF                        : 2
#      OBUFT                       : 2
=========================================================================

Device utilization summary:
---------------------------

Selected Device : xa3s200ftg256-4 

 Number of Slices:                        1  out of   1920     0%  
 Number of 4 input LUTs:                  1  out of   3840     0%  
 Number of IOs:                           5
 Number of bonded IOBs:                   5  out of    173     2%  
    IOB Flip Flops:                       2
 Number of GCLKs:                         1  out of      8    12%  

---------------------------
Partition Resource Summary:
---------------------------

  No Partitions were found in this design.

---------------------------


=========================================================================
TIMING REPORT

NOTE: THESE TIMING NUMBERS ARE ONLY A SYNTHESIS ESTIMATE.
      FOR ACCURATE TIMING INFORMATION PLEASE REFER TO THE TRACE REPORT
      GENERATED AFTER PLACE-and-ROUTE.

Clock Information:
------------------
-----------------------------------+------------------------+-------+
Clock Signal                       | Clock buffer(FF name)  | Load  |
-----------------------------------+------------------------+-------+
CLOCK                              | BUFGP                  | 2     |
-----------------------------------+------------------------+-------+

Asynchronous Control Signals Information:
----------------------------------------
No asynchronous control signals found in this design

Timing Summary:
---------------
Speed Grade: -4

   Minimum period: No path found
   Minimum input arrival time before clock: 2.715ns
   Maximum output required time after clock: 7.408ns
   Maximum combinational path delay: No path found

Timing Detail:
--------------
All values displayed in nanoseconds (ns)

=========================================================================
Timing constraint: Default OFFSET IN BEFORE for Clock 'CLOCK'
  Total number of paths / destination ports: 4 / 2
-------------------------------------------------------------------------
Offset:              2.715ns (Levels of Logic = 2)
  Source:            S (PAD)
  Destination:       Mtrien_QBAR (FF)
  Destination Clock: CLOCK rising

  Data Path: S to Mtrien_QBAR
                                Gate     Net
    Cell:in->out      fanout   Delay   Delay  Logical Name (Net Name)
    ----------------------------------------  ------------
     IBUF:I->O             1   0.821   1.140  S_IBUF (S_IBUF)
     LUT2:I0->O            2   0.551   0.000  Mtrien_QBAR_mux00001 (Mtrien_QBAR_mux0000)
     FDE:D                     0.203          Mtrien_QBAR
    ----------------------------------------
    Total                      2.715ns (1.575ns logic, 1.140ns route)
                                       (58.0% logic, 42.0% route)

=========================================================================
Timing constraint: Default OFFSET OUT AFTER for Clock 'CLOCK'
  Total number of paths / destination ports: 2 / 2
-------------------------------------------------------------------------
Offset:              7.408ns (Levels of Logic = 1)
  Source:            Mtrien_QBAR (FF)
  Destination:       QBAR (PAD)
  Source Clock:      CLOCK rising

  Data Path: Mtrien_QBAR to QBAR
                                Gate     Net
    Cell:in->out      fanout   Delay   Delay  Logical Name (Net Name)
    ----------------------------------------  ------------
     FDE:C->Q              1   0.720   0.801  Mtrien_QBAR (Mtrien_QBAR)
     OBUFT:T->O                5.887          QBAR_OBUFT (QBAR)
    ----------------------------------------
    Total                      7.408ns (6.607ns logic, 0.801ns route)
                                       (89.2% logic, 10.8% route)

=========================================================================


Total REAL time to Xst completion: 18.00 secs
Total CPU time to Xst completion: 17.63 secs
 
--> 

Total memory usage is 197696 kilobytes

Number of errors   :    0 (   0 filtered)
Number of warnings :    6 (   0 filtered)
Number of infos    :    0 (   0 filtered)

